Copyright 1986-2017 Xilinx, Inc. All Rights Reserved.
------------------------------------------------------------------------------------------------------
| Tool Version : Vivado v.2017.2 (win64) Build 1909853 Thu Jun 15 18:39:09 MDT 2017
| Date         : Tue Oct 24 09:33:06 2017
| Host         : DESKTOP-SSD56BU running 64-bit major release  (build 9200)
| Command      : report_drc -file User_drc_routed.rpt -pb User_drc_routed.pb -rpx User_drc_routed.rpx
| Design       : User
| Device       : xc7a35ticsg324-1L
| Speed File   : -1L
| Design State : Routed
------------------------------------------------------------------------------------------------------

Report DRC

Table of Contents
-----------------
1. REPORT SUMMARY
2. REPORT DETAILS

1. REPORT SUMMARY
-----------------
            Netlist: netlist
          Floorplan: design_1
      Design limits: <entire design considered>
           Ruledeck: default
             Max violations: <unlimited>
             Violations found: 2
+-----------+----------+-----------------------------------------------------+------------+
| Rule      | Severity | Description                                         | Violations |
+-----------+----------+-----------------------------------------------------+------------+
| CFGBVS-1  | Warning  | Missing CFGBVS and CONFIG_VOLTAGE Design Properties | 1          |
| RTSTAT-10 | Warning  | No routable loads                                   | 1          |
+-----------+----------+-----------------------------------------------------+------------+

2. REPORT DETAILS
-----------------
CFGBVS-1#1 Warning
Missing CFGBVS and CONFIG_VOLTAGE Design Properties  
Neither the CFGBVS nor CONFIG_VOLTAGE voltage property is set in the current_design.  Configuration bank voltage select (CFGBVS) must be set to VCCO or GND, and CONFIG_VOLTAGE must be set to the correct configuration voltage, in order to determine the I/O voltage support for the pins in bank 0.  It is suggested to specify these either using the 'Edit Device Properties' function in the GUI or directly in the XDC file using the following syntax:

 set_property CFGBVS value1 [current_design]
 #where value1 is either VCCO or GND

 set_property CONFIG_VOLTAGE value2 [current_design]
 #where value2 is the voltage provided to configuration bank 0

Refer to the device configuration user guide for more information.
Related violations: <none>

RTSTAT-10#1 Warning
No routable loads  
57 net(s) have no routable loads. The problem bus(es) and/or net(s) are CMPA_1_reg[4]_i_1_n_1, CMPA_1_reg[4]_i_1_n_2, CMPA_1_reg[4]_i_1_n_3, CMPA_1_reg[8]_i_1_n_1, CMPA_1_reg[8]_i_1_n_2, CMPA_1_reg[8]_i_1_n_3, CMPA_1_reg[12]_i_1_n_1, CMPA_1_reg[12]_i_1_n_2, CMPA_1_reg[12]_i_1_n_3, CMPA_1_reg[15]_i_2_n_2, CMPA_1_reg[15]_i_2_n_3, U1/U3/CMPA_True0_carry__0_n_3, U1/U3/CMPA_True0_carry_n_1, U1/U3/CMPA_True0_carry_n_2, U1/U3/CMPA_True0_carry_n_3 (the first 15 of 57 listed).
Related violations: <none>


