#-----------------------------------------------------------
# Vivado v2017.2 (64-bit)
# SW Build 1909853 on Thu Jun 15 18:39:09 MDT 2017
# IP Build 1909766 on Thu Jun 15 19:58:00 MDT 2017
# Start of session at: Tue Oct  3 10:24:35 2017
# Process ID: 5924
# Current directory: C:/Users/Conor/Documents/ePWM_Project
# Command line: vivado.exe -gui_launcher_event rodinguilauncherevent6032 C:\Users\Conor\Documents\ePWM_Project\ePWM_Project.xpr
# Log file: C:/Users/Conor/Documents/ePWM_Project/vivado.log
# Journal file: C:/Users/Conor/Documents/ePWM_Project\vivado.jou
#-----------------------------------------------------------
start_gui
open_project C:/Users/Conor/Documents/ePWM_Project/ePWM_Project.xpr
Scanning sources...
Finished scanning sources
INFO: [IP_Flow 19-234] Refreshing IP repositories
INFO: [IP_Flow 19-1704] No user IP repositories specified
INFO: [IP_Flow 19-2313] Loaded Vivado IP repository 'C:/Xilinx/Vivado/2017.2/data/ip'.
update_compile_order -fileset sources_1
update_compile_order -fileset sources_1
update_compile_order -fileset sources_1
reset_run synth_1
launch_runs impl_1 -to_step write_bitstream -jobs 4
[Tue Oct  3 10:25:59 2017] Launched synth_1...
Run output will be captured here: C:/Users/Conor/Documents/ePWM_Project/ePWM_Project.runs/synth_1/runme.log
[Tue Oct  3 10:26:00 2017] Launched impl_1...
Run output will be captured here: C:/Users/Conor/Documents/ePWM_Project/ePWM_Project.runs/impl_1/runme.log
exit
INFO: [Common 17-206] Exiting Vivado at Tue Oct  3 10:27:03 2017...
